1w8l
2hdq
1w8l: get spectra C-C
2hdq: get spectra C-C
2hdq: get spectra C-O
1w8l: get spectra C-N
1w8l: get spectra C-O
2hdq: get spectra C-S
1w8l: get spectra N-C
2hdq: get spectra N-C
2hdq: get spectra N-O
1w8l: get spectra N-N
2hdq: get spectra N-S
1w8l: get spectra N-O
2hdq: get spectra O-C
1w8l: get spectra O-C
2hdq: get spectra O-O
1w8l: get spectra O-N
1w8l: get spectra O-O
2hdq: get spectra O-S
2hdq: get spectra S-C
1w8l: get spectra S-C
2hdq  done
1w8l: get spectra S-N
1w8l: get spectra S-O
1w8l  done
Traceback (most recent call last):
  File "main.py", line 139, in <module>
    main(sys.argv)
  File "main.py", line 112, in main
    write_to_cache(all_features)
  File "/mnt/ufs18/home-205/jones657/Documents/psg_bind/io_helpers.py", line 10, in write_to_cache
    feature_df.to_csv(fname)
  File "/mnt/home/jones657/anaconda3/envs/py36/lib/python3.6/site-packages/pandas/core/generic.py", line 3170, in to_csv
    formatter.save()
  File "/mnt/home/jones657/anaconda3/envs/py36/lib/python3.6/site-packages/pandas/io/formats/csvs.py", line 190, in save
    compression=dict(self.compression_args, method=self.compression),
  File "/mnt/home/jones657/anaconda3/envs/py36/lib/python3.6/site-packages/pandas/io/common.py", line 493, in get_handle
    f = open(path_or_buf, mode, encoding=encoding, errors=errors, newline="")
FileNotFoundError: [Errno 2] No such file or directory: 'input/cache/v2007.csv'
JobId=58224193 JobName=small_psgbind
   UserId=jones657(6062780) GroupId=eceng(2008) MCS_label=N/A
   Priority=59224 Nice=0 Account=general QOS=jones657
   JobState=RUNNING Reason=None Dependency=(null)
   Requeue=1 Restarts=0 BatchFlag=1 Reboot=0 ExitCode=0:0
   RunTime=00:10:00 TimeLimit=01:00:00 TimeMin=N/A
   SubmitTime=2022-07-19T16:08:30 EligibleTime=2022-07-19T16:08:30
   AccrueTime=2022-07-19T16:08:30
   StartTime=2022-07-19T16:09:09 EndTime=2022-07-19T17:09:09 Deadline=N/A
   SuspendTime=None SecsPreSuspend=0 LastSchedEval=2022-07-19T16:09:09 Scheduler=Main
   Partition=general-short AllocNode:Sid=dev-intel14:19710
   ReqNodeList=(null) ExcNodeList=(null)
   NodeList=css-116
   BatchHost=css-116
   NumNodes=1 NumCPUs=4 NumTasks=1 CPUs/Task=4 ReqB:S:C:T=0:0:*:*
   TRES=cpu=4,mem=16G,node=1,billing=2490
   Socks/Node=* NtasksPerN:B:S:C=0:0:*:* CoreSpec=*
   MinCPUsNode=4 MinMemoryNode=16G MinTmpDiskNode=0
   Features=[intel14|intel16|intel18|amr|nvf|nal|nif] DelayBoot=00:00:00
   OverSubscribe=OK Contiguous=0 Licenses=(null) Network=(null)
   Command=/mnt/ufs18/home-205/jones657/Documents/psg_bind/submit.sbatch
   WorkDir=/mnt/ufs18/home-205/jones657/Documents/psg_bind
   Comment=stdout=/mnt/ufs18/home-205/jones657/Documents/psg_bind/./output/%x-58224193.out 
   StdErr=/mnt/ufs18/home-205/jones657/Documents/psg_bind/./output/small_psgbind-58224193.out
   StdIn=/dev/null
   StdOut=/mnt/ufs18/home-205/jones657/Documents/psg_bind/./output/small_psgbind-58224193.out
   Power=
   MailUser=jones657@msu.edu MailType=INVALID_DEPEND,BEGIN,END,FAIL,REQUEUE,STAGE_OUT
   

