1w8l
2hdq
1w8l: get spectra C-C
2hdq: get spectra C-C
top
1w8l: get spectra C-N
top
2hdq: get spectra C-O
top
1w8l: get spectra C-O
top
2hdq: get spectra C-S
top
1w8l: get spectra N-C
top
2hdq: get spectra N-C
top
1w8l: get spectra N-N
top
2hdq: get spectra N-O
top
1w8l: get spectra N-O
top
2hdq: get spectra N-S
top
1w8l: get spectra O-C
top
2hdq: get spectra O-C
top
1w8l: get spectra O-N
top
2hdq: get spectra O-O
top
1w8l: get spectra O-O
top
2hdq: get spectra O-S
top
1w8l: get spectra S-C
top
2hdq: get spectra S-C
top
1w8l: get spectra S-N
top
2hdq  done
top
1w8l: get spectra S-O
top
1w8l  done
JobId=58454569 JobName=small_psgbind
   UserId=jones657(6062780) GroupId=eceng(2008) MCS_label=N/A
   Priority=58813 Nice=0 Account=general QOS=jones657
   JobState=RUNNING Reason=None Dependency=(null)
   Requeue=1 Restarts=0 BatchFlag=1 Reboot=0 ExitCode=0:0
   RunTime=00:06:10 TimeLimit=00:30:00 TimeMin=N/A
   SubmitTime=2022-07-21T13:48:55 EligibleTime=2022-07-21T13:48:55
   AccrueTime=2022-07-21T13:48:55
   StartTime=2022-07-21T13:53:15 EndTime=2022-07-21T14:23:15 Deadline=N/A
   SuspendTime=None SecsPreSuspend=0 LastSchedEval=2022-07-21T13:53:15 Scheduler=Backfill
   Partition=general-long AllocNode:Sid=dev-intel14:4902
   ReqNodeList=(null) ExcNodeList=(null)
   NodeList=css-055
   BatchHost=css-055
   NumNodes=1 NumCPUs=2 NumTasks=1 CPUs/Task=2 ReqB:S:C:T=0:0:*:*
   TRES=cpu=2,mem=16G,node=1,billing=2490
   Socks/Node=* NtasksPerN:B:S:C=0:0:*:* CoreSpec=*
   MinCPUsNode=2 MinMemoryNode=16G MinTmpDiskNode=0
   Features=[intel14|intel16|intel18|amr|nvf|nal|nif] DelayBoot=00:00:00
   OverSubscribe=OK Contiguous=0 Licenses=(null) Network=(null)
   Command=/mnt/ufs18/home-205/jones657/Documents/psg_bind/submit.sbatch
   WorkDir=/mnt/ufs18/home-205/jones657/Documents/psg_bind
   Comment=stdout=/mnt/ufs18/home-205/jones657/Documents/psg_bind/./output/%x-58454569.out 
   StdErr=/mnt/ufs18/home-205/jones657/Documents/psg_bind/./output/small_psgbind-58454569.out
   StdIn=/dev/null
   StdOut=/mnt/ufs18/home-205/jones657/Documents/psg_bind/./output/small_psgbind-58454569.out
   Power=
   MailUser=jones657@msu.edu MailType=INVALID_DEPEND,BEGIN,END,FAIL,REQUEUE,STAGE_OUT
   

