1w8l
1wkm
1b74
2a31
1qpb
1tnk
1w8m
1rdj
2hdr
2hdq
1f9g
1utp
1bra
1u2y
1y1m
1m0n
3pce
4tim
1ajp
6rnt
6rnt: get spectra C-C
1w8l: get spectra C-C
2a31: get spectra C-C
1w8m: get spectra C-C
1tnk: get spectra C-C
1rdj: get spectra C-C
1utp: get spectra C-C
1y1m: get spectra C-C
1wkm: get spectra C-C
2hdq: get spectra C-C
2hdr: get spectra C-C
4tim: get spectra C-C
1b74: get spectra C-C
1u2y: get spectra C-C
1bra: get spectra C-C
1f9g: get spectra C-C
1qpb: get spectra C-C
1ajp: get spectra C-C
1m0n: get spectra C-C
3pce: get spectra C-C
top
1rdj: get spectra C-O
top
2hdr: get spectra C-N
top
6rnt: get spectra C-N
top
1f9g: get spectra C-O
top
1u2y: get spectra C-N
top
2a31: get spectra C-N
top
2hdq: get spectra C-O
top
1w8l: get spectra C-N
top
1bra: get spectra C-N
top
1w8m: get spectra C-N
top
1qpb: get spectra C-N
top
4tim: get spectra C-O
top
1utp: get spectra C-N
top
1b74: get spectra C-N
top
1tnk: get spectra C-N
top
1wkm: get spectra C-N
top
1rdj: get spectra N-C
top
1y1m: get spectra C-N
top
1m0n: get spectra C-N
top
2hdr: get spectra C-O
top
3pce: get spectra C-O
top
6rnt: get spectra C-O
top
1ajp: get spectra C-O
top
1w8m: get spectra C-O
top
1rdj: get spectra N-O
top
1w8l: get spectra C-O
top
1rdj: get spectra O-C
top
1bra: get spectra N-C
top
1f9g: get spectra N-C
top
1tnk: get spectra N-C
top
1w8m: get spectra N-C
top
1u2y: get spectra C-O
top
1qpb: get spectra C-O
top
1rdj: get spectra O-O
top
1f9g: get spectra N-O
top
1utp: get spectra N-C
top
1bra: get spectra N-N
top
1tnk: get spectra N-N
top
1b74: get spectra C-O
top
2hdr: get spectra N-C
top
1wkm: get spectra C-O
top
1y1m: get spectra C-O
top
6rnt: get spectra C-P
top
2hdq: get spectra C-S
top
1m0n: get spectra C-O
top
1w8l: get spectra N-C
top
4tim: get spectra C-P
top
2a31: get spectra C-O
top
2hdr: get spectra N-N
top
1ajp: get spectra N-C
top
1f9g: get spectra O-C
top
2hdr: get spectra N-O
top
1rdj: get spectra S-C
top
1bra: get spectra O-C
top
1w8l: get spectra N-N
top
1tnk: get spectra O-C
top
1w8m: get spectra N-N
top
3pce: get spectra N-C
top
1ajp: get spectra N-O
top
1utp: get spectra N-N
top
1rdj: get spectra S-O
top
2hdr: get spectra O-C
top
1w8m: get spectra N-O
top
1f9g: get spectra O-O
top
1rdj  done
top
2hdq: get spectra N-C
top
6rnt: get spectra N-C
top
1w8l: get spectra N-O
top
1bra: get spectra O-N
top
1utp: get spectra O-C
top
3pce: get spectra N-O
top
1tnk: get spectra O-N
top
1ajp: get spectra O-C
top
2hdr: get spectra O-N
top
4tim: get spectra N-C
top
1y1m: get spectra N-C
top
1b74: get spectra N-C
top
1wkm: get spectra C-S
top
6rnt: get spectra N-N
top
1w8m: get spectra O-C
top
1w8l: get spectra O-C
top
2a31: get spectra N-C
top
1qpb: get spectra N-C
top
2hdq: get spectra N-O
top
2hdr: get spectra O-O
top
1bra: get spectra S-C
top
6rnt: get spectra N-O
top
1y1m: get spectra N-N
top
4tim: get spectra N-O
top
1u2y: get spectra N-C
top
1utp: get spectra O-N
top
1tnk: get spectra S-C
top
1bra: get spectra S-N
top
1qpb: get spectra N-N
top
3pce: get spectra O-C
top
2hdq: get spectra N-S
top
1f9g: get spectra S-C
top
2a31: get spectra N-N
top
1y1m: get spectra N-O
top
1w8m: get spectra O-N
top
1ajp: get spectra O-O
top
1b74: get spectra N-N
top
6rnt: get spectra N-P
top
1w8l: get spectra O-N
top
2hdr: get spectra S-C
top
1u2y: get spectra N-N
top
1m0n: get spectra C-P
top
1f9g: get spectra S-O
top
4tim: get spectra N-P
top
6rnt: get spectra O-C
top
2hdr  done
top
1tnk: get spectra S-N
top
1b74: get spectra N-O
top
1bra  done
top
2hdq: get spectra O-C
top
1utp: get spectra S-C
top
1w8l: get spectra O-O
top
3pce: get spectra O-O
top
4tim: get spectra O-C
top
1u2y: get spectra N-O
top
1y1m: get spectra O-C
top
1qpb: get spectra N-O
top
1tnk  done
top
1wkm: get spectra N-C
top
1utp: get spectra S-N
top
2a31: get spectra N-O
top
1f9g  done
top
1w8m: get spectra O-O
top
1ajp: get spectra S-C
top
6rnt: get spectra O-N
top
1b74: get spectra O-C
top
1utp  done
top
1qpb: get spectra O-C
top
2hdq: get spectra O-O
top
1wkm: get spectra N-N
top
3pce: get spectra S-C
top
2a31: get spectra O-C
top
1w8l: get spectra S-C
top
1w8m: get spectra S-C
top
1ajp: get spectra S-O
top
1u2y: get spectra O-C
top
6rnt: get spectra O-O
top
3pce: get spectra S-O
top
1wkm: get spectra N-O
top
4tim: get spectra O-O
top
1w8l: get spectra S-N
top
1qpb: get spectra O-N
top
1b74: get spectra O-N
top
2hdq: get spectra O-S
top
1ajp  done
top
1y1m: get spectra O-N
top
1w8m: get spectra S-O
top
1w8l: get spectra S-O
top
3pce  done
top
1wkm: get spectra N-S
top
1m0n: get spectra N-C
top
1w8m  done
top
1qpb: get spectra O-O
top
6rnt: get spectra O-P
top
4tim: get spectra O-P
top
1b74: get spectra O-O
top
1wkm: get spectra O-C
top
1y1m: get spectra O-O
top
2a31: get spectra O-N
top
2hdq: get spectra S-C
top
1u2y: get spectra O-N
top
1w8l  done
top
6rnt: get spectra S-C
top
1qpb  done
top
4tim: get spectra S-C
top
2hdq  done
top
1m0n: get spectra N-N
top
6rnt: get spectra S-N
top
1u2y: get spectra O-O
top
4tim: get spectra S-O
top
2a31: get spectra O-O
top
6rnt: get spectra S-O
top
1m0n: get spectra N-O
top
4tim  done
top
1y1m: get spectra S-C
top
1wkm: get spectra O-N
top
1b74: get spectra S-C
top
6rnt  done
top
2a31: get spectra S-C
top
1u2y: get spectra S-C
top
1m0n: get spectra N-P
top
1b74: get spectra S-N
top
2a31: get spectra S-N
top
1u2y: get spectra S-O
top
1wkm: get spectra O-O
top
1b74: get spectra S-O
top
1y1m: get spectra S-N
top
2a31: get spectra S-O
top
1u2y  done
top
1b74  done
top
1m0n: get spectra O-C
top
1wkm: get spectra O-S
top
2a31  done
top
1y1m: get spectra S-O
top
1wkm: get spectra S-C
top
1m0n: get spectra O-N
top
1y1m  done
top
1wkm  done
top
1m0n: get spectra O-O
top
1m0n: get spectra O-P
top
1m0n: get spectra S-C
top
1m0n: get spectra S-N
top
1m0n: get spectra S-O
top
1m0n: get spectra S-P
top
1m0n  done
       corr      rmse
0 -0.187942  0.810595
2022-07-21 14:24:57.812741,-0.1879419127311971,-0.1879419127311971,-0.1879419127311971,0.8105950588222349,0.8105950588222349,0.8105950588222349

JobId=58454694 JobName=small_psgbind
   UserId=jones657(6062780) GroupId=eceng(2008) MCS_label=N/A
   Priority=61472 Nice=0 Account=general QOS=jones657
   JobState=RUNNING Reason=None Dependency=(null)
   Requeue=1 Restarts=0 BatchFlag=1 Reboot=0 ExitCode=0:0
   RunTime=00:18:17 TimeLimit=00:45:00 TimeMin=N/A
   SubmitTime=2022-07-21T14:02:10 EligibleTime=2022-07-21T14:02:10
   AccrueTime=2022-07-21T14:02:10
   StartTime=2022-07-21T14:06:41 EndTime=2022-07-21T14:51:41 Deadline=N/A
   SuspendTime=None SecsPreSuspend=0 LastSchedEval=2022-07-21T14:06:41 Scheduler=Backfill
   Partition=general-long AllocNode:Sid=dev-intel14:4902
   ReqNodeList=(null) ExcNodeList=(null)
   NodeList=lac-440
   BatchHost=lac-440
   NumNodes=1 NumCPUs=20 NumTasks=1 CPUs/Task=20 ReqB:S:C:T=0:0:*:*
   TRES=cpu=20,mem=64G,node=1,billing=9961
   Socks/Node=* NtasksPerN:B:S:C=0:0:*:* CoreSpec=*
   MinCPUsNode=20 MinMemoryNode=64G MinTmpDiskNode=0
   Features=[intel14|intel16|intel18|amr|nvf|nal|nif] DelayBoot=00:00:00
   OverSubscribe=OK Contiguous=0 Licenses=(null) Network=(null)
   Command=/mnt/ufs18/home-205/jones657/Documents/psg_bind/submit.sbatch
   WorkDir=/mnt/ufs18/home-205/jones657/Documents/psg_bind
   Comment=stdout=/mnt/ufs18/home-205/jones657/Documents/psg_bind/./output/%x-58454694.out 
   StdErr=/mnt/ufs18/home-205/jones657/Documents/psg_bind/./output/small_psgbind-58454694.out
   StdIn=/dev/null
   StdOut=/mnt/ufs18/home-205/jones657/Documents/psg_bind/./output/small_psgbind-58454694.out
   Power=
   MailUser=jones657@msu.edu MailType=INVALID_DEPEND,BEGIN,END,FAIL,REQUEUE,STAGE_OUT
   

